<?xml version="1.0" encoding="UTF-8"?>
<!-- Generated by org.testng.reporters.JUnitReportReporter -->
<testsuite hostname="DESKTOP-IT5PH3V" failures="0" tests="1" name="Flipkart.GitHub" time="2.014" errors="0" timestamp="2022-07-30T12:03:27 IST" skipped="0">
  <testcase classname="Flipkart.GitHub" name="flipkart" time="2.014"/>
  <system-out/>
</testsuite> <!-- Flipkart.GitHub -->
